This is pdfTeX, Version 3.1415926-2.5-1.40.14 (TeX Live 2013) (format=pdflatex 2013.5.30)  28 JUN 2016 17:43
entering extended mode
 restricted \write18 enabled.
 file:line:error style messages enabled.
 %&-line parsing enabled.
**mythesis.tex
(./mythesis.tex
LaTeX2e <2011/06/27>
Babel <3.9f> and hyphenation patterns for 78 languages loaded.
(./fsuthesis.cls
Document Class: fsuthesis 2016/02/11 v3.8.0 (FSU LaTeX document class for These
s/Dissertations maintained by Bret Whissel, bwhissel@fsu.edu)
(/usr/local/texlive/2013/texmf-dist/tex/latex/base/report.cls
Document Class: report 2007/10/19 v1.4h Standard LaTeX document class
(/usr/local/texlive/2013/texmf-dist/tex/latex/base/size12.clo
File: size12.clo 2007/10/19 v1.4h Standard LaTeX file (size option)
)
\c@part=\count79
\c@chapter=\count80
\c@section=\count81
\c@subsection=\count82
\c@subsubsection=\count83
\c@paragraph=\count84
\c@subparagraph=\count85
\c@figure=\count86
\c@table=\count87
\abovecaptionskip=\skip41
\belowcaptionskip=\skip42
\bibindent=\dimen102
)
(/usr/local/texlive/2013/texmf-dist/tex/generic/oberdiek/ifpdf.sty
Package: ifpdf 2011/01/30 v2.3 Provides the ifpdf switch (HO)
Package ifpdf Info: pdfTeX in PDF mode is detected.
)
\evenoddoffset=\skip43
\adjbaselineskip=\skip44
\listbaselineskip=\skip45
\commwidth=\skip46
\commskip=\skip47
\listspenalty=\count88
\c@musex=\count89
\refitemsep=\skip48
\refindent=\skip49
\chapheadskip=\skip50
\fcapindent=\skip51
)
(./mycommands.tex
(/usr/local/texlive/2013/texmf-dist/tex/latex/graphics/graphicx.sty
Package: graphicx 1999/02/16 v1.0f Enhanced LaTeX Graphics (DPC,SPQR)

(/usr/local/texlive/2013/texmf-dist/tex/latex/graphics/keyval.sty
Package: keyval 1999/03/16 v1.13 key=value parser (DPC)
\KV@toks@=\toks14
)
(/usr/local/texlive/2013/texmf-dist/tex/latex/graphics/graphics.sty
Package: graphics 2009/02/05 v1.0o Standard LaTeX Graphics (DPC,SPQR)

(/usr/local/texlive/2013/texmf-dist/tex/latex/graphics/trig.sty
Package: trig 1999/03/16 v1.09 sin cos tan (DPC)
)
(/usr/local/texlive/2013/texmf-dist/tex/latex/latexconfig/graphics.cfg
File: graphics.cfg 2010/04/23 v1.9 graphics configuration of TeX Live
)
Package graphics Info: Driver file: pdftex.def on input line 91.

(/usr/local/texlive/2013/texmf-dist/tex/latex/pdftex-def/pdftex.def
File: pdftex.def 2011/05/27 v0.06d Graphics/color for pdfTeX

(/usr/local/texlive/2013/texmf-dist/tex/generic/oberdiek/infwarerr.sty
Package: infwarerr 2010/04/08 v1.3 Providing info/warning/error messages (HO)
)
(/usr/local/texlive/2013/texmf-dist/tex/generic/oberdiek/ltxcmds.sty
Package: ltxcmds 2011/11/09 v1.22 LaTeX kernel commands for general use (HO)
)
\Gread@gobject=\count90
))
\Gin@req@height=\dimen103
\Gin@req@width=\dimen104
)
(/usr/local/texlive/2013/texmf-dist/tex/latex/amsmath/amsmath.sty
Package: amsmath 2013/01/14 v2.14 AMS math features
\@mathmargin=\skip52

For additional information on amsmath, use the `?' option.
(/usr/local/texlive/2013/texmf-dist/tex/latex/amsmath/amstext.sty
Package: amstext 2000/06/29 v2.01

(/usr/local/texlive/2013/texmf-dist/tex/latex/amsmath/amsgen.sty
File: amsgen.sty 1999/11/30 v2.0
\@emptytoks=\toks15
\ex@=\dimen105
))
(/usr/local/texlive/2013/texmf-dist/tex/latex/amsmath/amsbsy.sty
Package: amsbsy 1999/11/29 v1.2d
\pmbraise@=\dimen106
)
(/usr/local/texlive/2013/texmf-dist/tex/latex/amsmath/amsopn.sty
Package: amsopn 1999/12/14 v2.01 operator names
)
\inf@bad=\count91
LaTeX Info: Redefining \frac on input line 210.
\uproot@=\count92
\leftroot@=\count93
LaTeX Info: Redefining \overline on input line 306.
\classnum@=\count94
\DOTSCASE@=\count95
LaTeX Info: Redefining \ldots on input line 378.
LaTeX Info: Redefining \dots on input line 381.
LaTeX Info: Redefining \cdots on input line 466.
\Mathstrutbox@=\box26
\strutbox@=\box27
\big@size=\dimen107
LaTeX Font Info:    Redeclaring font encoding OML on input line 566.
LaTeX Font Info:    Redeclaring font encoding OMS on input line 567.
\macc@depth=\count96
\c@MaxMatrixCols=\count97
\dotsspace@=\muskip10
\c@parentequation=\count98
\dspbrk@lvl=\count99
\tag@help=\toks16
\row@=\count100
\column@=\count101
\maxfields@=\count102
\andhelp@=\toks17
\eqnshift@=\dimen108
\alignsep@=\dimen109
\tagshift@=\dimen110
\tagwidth@=\dimen111
\totwidth@=\dimen112
\lineht@=\dimen113
\@envbody=\toks18
\multlinegap=\skip53
\multlinetaggap=\skip54
\mathdisplay@stack=\toks19
LaTeX Info: Redefining \[ on input line 2665.
LaTeX Info: Redefining \] on input line 2666.
)
(/usr/local/texlive/2013/texmf-dist/tex/latex/amsfonts/amsfonts.sty
Package: amsfonts 2013/01/14 v3.01 Basic AMSFonts support
\symAMSa=\mathgroup4
\symAMSb=\mathgroup5
LaTeX Font Info:    Overwriting math alphabet `\mathfrak' in version `bold'
(Font)                  U/euf/m/n --> U/euf/b/n on input line 106.
)
(/usr/local/texlive/2013/texmf-dist/tex/latex/amsfonts/amssymb.sty
Package: amssymb 2013/01/14 v3.01 AMS font symbols
)
(/usr/local/texlive/2013/texmf-dist/tex/latex/multirow/multirow.sty
\bigstrutjot=\dimen114
)
(/usr/local/texlive/2013/texmf-dist/tex/latex/doublestroke/dsfont.sty
Package: dsfont 1995/08/01 v0.1 Double stroke roman fonts
)
(/usr/local/texlive/2013/texmf-dist/tex/latex/subfig/subfig.sty
Package: subfig 2005/06/28 ver: 1.3 subfig package

(/usr/local/texlive/2013/texmf-dist/tex/latex/caption/caption.sty
Package: caption 2013/05/02 v3.3-89 Customizing captions (AR)

(/usr/local/texlive/2013/texmf-dist/tex/latex/caption/caption3.sty
Package: caption3 2013/05/02 v1.6-88 caption3 kernel (AR)
Package caption3 Info: TeX engine: e-TeX on input line 57.
\captionmargin=\dimen115
\captionmargin@=\dimen116
\captionwidth=\dimen117
\caption@tempdima=\dimen118
\caption@indent=\dimen119
\caption@parindent=\dimen120
\caption@hangindent=\dimen121
Package caption Info: Unknown document class (or package),
(caption)             standard defaults will be used.
)

Package caption Warning: Unsupported document class (or package) detected,
(caption)                usage of the caption package is not recommended.
See the caption package documentation for explanation.

Package caption Info: \@makecaption = \long macro:#1#2->\vskip \abovecaptionski
p \sbox \@tempboxa {#1: #2}\ifdim \wd \@tempboxa >\hsize {\advance \leftskip \f
capindent \rightskip =\leftskip \relax \FSU@onormalsize #1: #2\par } \else \glo
bal \@minipagefalse \hb@xt@ \hsize {\hfil \box \@tempboxa \hfil }\fi \vskip \be
lowcaptionskip .
\c@ContinuedFloat=\count103
)
\c@KVtest=\count104
\sf@farskip=\skip55
\sf@captopadj=\dimen122
\sf@capskip=\skip56
\sf@nearskip=\skip57
\c@subfigure=\count105
\c@subfigure@save=\count106
\c@lofdepth=\count107
\c@subtable=\count108
\c@subtable@save=\count109
\c@lotdepth=\count110
\sf@top=\skip58
\sf@bottom=\skip59
) (/usr/local/texlive/2013/texmf-dist/tex/latex/tools/tabularx.sty
Package: tabularx 1999/01/07 v2.07 `tabularx' package (DPC)

(/usr/local/texlive/2013/texmf-dist/tex/latex/tools/array.sty
Package: array 2008/09/09 v2.4c Tabular extension package (FMi)
\col@sep=\dimen123
\extrarowheight=\dimen124
\NC@list=\toks20
\extratabsurround=\skip60
\backup@length=\skip61
)
\TX@col@width=\dimen125
\TX@old@table=\dimen126
\TX@old@col=\dimen127
\TX@target=\dimen128
\TX@delta=\dimen129
\TX@cols=\count111
\TX@ftn=\toks21
)
(/usr/local/texlive/2013/texmf-dist/tex/latex/booktabs/booktabs.sty
Package: booktabs 2005/04/14 v1.61803 publication quality tables
\heavyrulewidth=\dimen130
\lightrulewidth=\dimen131
\cmidrulewidth=\dimen132
\belowrulesep=\dimen133
\belowbottomsep=\dimen134
\aboverulesep=\dimen135
\abovetopsep=\dimen136
\cmidrulesep=\dimen137
\cmidrulekern=\dimen138
\defaultaddspace=\dimen139
\@cmidla=\count112
\@cmidlb=\count113
\@aboverulesep=\dimen140
\@belowrulesep=\dimen141
\@thisruleclass=\count114
\@lastruleclass=\count115
\@thisrulewidth=\dimen142
)
(/usr/local/texlive/2013/texmf-dist/tex/latex/physics/physics.sty
Package: physics 

(/usr/local/texlive/2013/texmf-dist/tex/latex/l3packages/xparse/xparse.sty
(/usr/local/texlive/2013/texmf-dist/tex/latex/l3kernel/expl3.sty
(/usr/local/texlive/2013/texmf-dist/tex/latex/l3kernel/l3names.sty
(/usr/local/texlive/2013/texmf-dist/tex/latex/l3kernel/l3bootstrap.sty
Package: l3bootstrap 2013/01/08 v4420 L3 Experimental bootstrap code
)
Package: l3names 2012/12/07 v4346 L3 Namespace for primitives
)
(/usr/local/texlive/2013/texmf-dist/tex/latex/etex-pkg/etex.sty
Package: etex 1998/03/26 v2.0 eTeX basic definition package (PEB)
\et@xins=\count116
)
Package: expl3 2013/03/14 v4469 L3 Experimental code bundle wrapper

(/usr/local/texlive/2013/texmf-dist/tex/latex/l3kernel/l3basics.sty
Package: l3basics 2013/01/10 v4428 L3 Basic definitions
)
(/usr/local/texlive/2013/texmf-dist/tex/latex/l3kernel/l3expan.sty
Package: l3expan 2013/02/03 v4458 L3 Argument expansion
)
(/usr/local/texlive/2013/texmf-dist/tex/latex/l3kernel/l3tl.sty
Package: l3tl 2013/01/08 v4415 L3 Token lists
)
(/usr/local/texlive/2013/texmf-dist/tex/latex/l3kernel/l3seq.sty
Package: l3seq 2013/01/12 v4434 L3 Sequences and stacks
)
(/usr/local/texlive/2013/texmf-dist/tex/latex/l3kernel/l3int.sty
Package: l3int 2013/01/13 v4444 L3 Integers
\c_max_int=\count117
\l_tmpa_int=\count118
\l_tmpb_int=\count119
\g_tmpa_int=\count120
\g_tmpb_int=\count121
)
(/usr/local/texlive/2013/texmf-dist/tex/latex/l3kernel/l3quark.sty
Package: l3quark 2012/11/04 v4268 L3 Quarks
)
(/usr/local/texlive/2013/texmf-dist/tex/latex/l3kernel/l3prg.sty
Package: l3prg 2013/02/13 v4459 L3 Control structures
\g__prg_map_int=\count122
)
(/usr/local/texlive/2013/texmf-dist/tex/latex/l3kernel/l3clist.sty
Package: l3clist 2013/01/08 v4414 L3 Comma separated lists
)
(/usr/local/texlive/2013/texmf-dist/tex/latex/l3kernel/l3token.sty
Package: l3token 2013/01/10 v4428 L3 Experimental token manipulation
)
(/usr/local/texlive/2013/texmf-dist/tex/latex/l3kernel/l3prop.sty
Package: l3prop 2013/01/09 v4423 L3 Property lists
)
(/usr/local/texlive/2013/texmf-dist/tex/latex/l3kernel/l3msg.sty
Package: l3msg 2013/01/08 v4412 L3 Messages
)
(/usr/local/texlive/2013/texmf-dist/tex/latex/l3kernel/l3file.sty
Package: l3file 2013/01/14 v4446 L3 File and I/O operations
\l_iow_line_count_int=\count123
\l__iow_target_count_int=\count124
\l__iow_current_line_int=\count125
\l__iow_current_word_int=\count126
\l__iow_current_indentation_int=\count127
)
(/usr/local/texlive/2013/texmf-dist/tex/latex/l3kernel/l3skip.sty
Package: l3skip 2013/01/13 v4444 L3 Dimensions and skips
\c_zero_dim=\dimen143
\c_max_dim=\dimen144
\l_tmpa_dim=\dimen145
\l_tmpb_dim=\dimen146
\g_tmpa_dim=\dimen147
\g_tmpb_dim=\dimen148
\c_zero_skip=\skip62
\c_max_skip=\skip63
\l_tmpa_skip=\skip64
\l_tmpb_skip=\skip65
\g_tmpa_skip=\skip66
\g_tmpb_skip=\skip67
\c_zero_muskip=\muskip11
\c_max_muskip=\muskip12
\l_tmpa_muskip=\muskip13
\l_tmpb_muskip=\muskip14
\g_tmpa_muskip=\muskip15
\g_tmpb_muskip=\muskip16
)
(/usr/local/texlive/2013/texmf-dist/tex/latex/l3kernel/l3keys.sty
Package: l3keys 2013/02/24 v4461 L3 Experimental key-value interfaces
\g__keyval_level_int=\count128
\l_keys_choice_int=\count129
)
(/usr/local/texlive/2013/texmf-dist/tex/latex/l3kernel/l3fp.sty
Package: l3fp 2013/01/19 v4449 L3 Floating points
\c__fp_leading_shift_int=\count130
\c__fp_middle_shift_int=\count131
\c__fp_trailing_shift_int=\count132
\c__fp_big_leading_shift_int=\count133
\c__fp_big_middle_shift_int=\count134
\c__fp_big_trailing_shift_int=\count135
\c__fp_Bigg_leading_shift_int=\count136
\c__fp_Bigg_middle_shift_int=\count137
\c__fp_Bigg_trailing_shift_int=\count138
)
(/usr/local/texlive/2013/texmf-dist/tex/latex/l3kernel/l3box.sty
Package: l3box 2013/01/08 v4411 L3 Experimental boxes
\c_empty_box=\box28
\l_tmpa_box=\box29
\l_tmpb_box=\box30
\g_tmpa_box=\box31
\g_tmpb_box=\box32
)
(/usr/local/texlive/2013/texmf-dist/tex/latex/l3kernel/l3coffins.sty
Package: l3coffins 2012/09/09 v4212 L3 Coffin code layer
\l__coffin_internal_box=\box33
\l__coffin_internal_dim=\dimen149
\l__coffin_offset_x_dim=\dimen150
\l__coffin_offset_y_dim=\dimen151
\l__coffin_x_dim=\dimen152
\l__coffin_y_dim=\dimen153
\l__coffin_x_prime_dim=\dimen154
\l__coffin_y_prime_dim=\dimen155
\c_empty_coffin=\box34
\l__coffin_aligned_coffin=\box35
\l__coffin_aligned_internal_coffin=\box36
\l_tmpa_coffin=\box37
\l_tmpb_coffin=\box38
\l__coffin_display_coffin=\box39
\l__coffin_display_coord_coffin=\box40
\l__coffin_display_pole_coffin=\box41
\l__coffin_display_offset_dim=\dimen156
\l__coffin_display_x_dim=\dimen157
\l__coffin_display_y_dim=\dimen158
)
(/usr/local/texlive/2013/texmf-dist/tex/latex/l3kernel/l3color.sty
Package: l3color 2012/08/29 v4156 L3 Experimental color support
)
(/usr/local/texlive/2013/texmf-dist/tex/latex/l3kernel/l3luatex.sty
Package: l3luatex 2012/08/03 v4049 L3 Experimental LuaTeX-specific functions
\g__cctab_allocate_int=\count139
\g__cctab_stack_int=\count140
)
(/usr/local/texlive/2013/texmf-dist/tex/latex/l3kernel/l3candidates.sty
Package: l3candidates 2013/03/14 v4468 L3 Experimental additions to l3kernel
\l__box_top_dim=\dimen159
\l__box_bottom_dim=\dimen160
\l__box_left_dim=\dimen161
\l__box_right_dim=\dimen162
\l__box_top_new_dim=\dimen163
\l__box_bottom_new_dim=\dimen164
\l__box_left_new_dim=\dimen165
\l__box_right_new_dim=\dimen166
\l__box_internal_box=\box42
\l__coffin_bounding_shift_dim=\dimen167
\l__coffin_left_corner_dim=\dimen168
\l__coffin_right_corner_dim=\dimen169
\l__coffin_bottom_corner_dim=\dimen170
\l__coffin_top_corner_dim=\dimen171
\l__coffin_scaled_total_height_dim=\dimen172
\l__coffin_scaled_width_dim=\dimen173
))
Package: xparse 2013/03/12 v4467 L3 Experimental document command parser
\l__xparse_current_arg_int=\count141
\l__xparse_m_args_int=\count142
\l__xparse_mandatory_args_int=\count143
\l__xparse_processor_int=\count144
\l__xparse_v_nesting_int=\count145
)
.................................................
. LaTeX info: "xparse/define-command"
. 
. Defining document command \vnabla with arg. spec. '' on line 25.
.................................................
.................................................
. LaTeX info: "xparse/define-command"
. 
. Defining document command \varE with arg. spec. '' on line 29.
.................................................
.................................................
. LaTeX info: "xparse/define-command"
. 
. Defining document command \ordersymbol with arg. spec. '' on line 30.
.................................................
.................................................
. LaTeX info: "xparse/define-command"
. 
. Defining document command \lparen with arg. spec. '' on line 31.
.................................................
.................................................
. LaTeX info: "xparse/define-command"
. 
. Defining document command \rparen with arg. spec. '' on line 32.
.................................................
.................................................
. LaTeX info: "xparse/define-command"
. 
. Defining document command \quantity with arg. spec. '' on line 35.
.................................................
.................................................
. LaTeX info: "xparse/define-command"
. 
. Defining document command \@quantity with arg. spec. ' t\big t\Big t\bigg
. t\Bigg g o d() d|| ' on line 62.
.................................................
.................................................
. LaTeX info: "xparse/define-command"
. 
. Defining document command \qty with arg. spec. '' on line 63.
.................................................
.................................................
. LaTeX info: "xparse/define-command"
. 
. Defining document command \pqty with arg. spec. ' l m ' on line 64.
.................................................
.................................................
. LaTeX info: "xparse/define-command"
. 
. Defining document command \bqty with arg. spec. ' l m ' on line 65.
.................................................
.................................................
. LaTeX info: "xparse/define-command"
. 
. Defining document command \Bqty with arg. spec. ' l m ' on line 66.
.................................................
.................................................
. LaTeX info: "xparse/define-command"
. 
. Defining document command \vqty with arg. spec. ' l m ' on line 67.
.................................................
.................................................
. LaTeX info: "xparse/define-command"
. 
. Defining document command \pmqty with arg. spec. 'm' on line 70.
.................................................
.................................................
. LaTeX info: "xparse/define-command"
. 
. Defining document command \Pmqty with arg. spec. 'm' on line 71.
.................................................
.................................................
. LaTeX info: "xparse/define-command"
. 
. Defining document command \bmqty with arg. spec. 'm' on line 72.
.................................................
.................................................
. LaTeX info: "xparse/define-command"
. 
. Defining document command \vmqty with arg. spec. 'm' on line 73.
.................................................
.................................................
. LaTeX info: "xparse/define-command"
. 
. Defining document command \matrixquantity with arg. spec. '' on line 74.
.................................................
.................................................
. LaTeX info: "xparse/define-command"
. 
. Defining document command \@matrixquantity with arg. spec. ' s g o d() d|| '
. on line 100.
.................................................
.................................................
. LaTeX info: "xparse/define-command"
. 
. Defining document command \mqty with arg. spec. '' on line 101.
.................................................
.................................................
. LaTeX info: "xparse/define-command"
. 
. Defining document command \matrixdeterminant with arg. spec. 'm' on line
. 102.
.................................................
.................................................
. LaTeX info: "xparse/define-command"
. 
. Defining document command \mdet with arg. spec. '' on line 103.
.................................................
.................................................
. LaTeX info: "xparse/define-command"
. 
. Defining document command \spmqty with arg. spec. 'm' on line 105.
.................................................
.................................................
. LaTeX info: "xparse/define-command"
. 
. Defining document command \sPmqty with arg. spec. 'm' on line 106.
.................................................
.................................................
. LaTeX info: "xparse/define-command"
. 
. Defining document command \sbmqty with arg. spec. 'm' on line 107.
.................................................
.................................................
. LaTeX info: "xparse/define-command"
. 
. Defining document command \svmqty with arg. spec. 'm' on line 108.
.................................................
.................................................
. LaTeX info: "xparse/define-command"
. 
. Defining document command \smallmatrixquantity with arg. spec. ' s g o d()
. d|| ' on line 133.
.................................................
.................................................
. LaTeX info: "xparse/define-command"
. 
. Defining document command \smqty with arg. spec. '' on line 134.
.................................................
.................................................
. LaTeX info: "xparse/define-command"
. 
. Defining document command \smallmatrixdeterminant with arg. spec. 'm' on
. line 135.
.................................................
.................................................
. LaTeX info: "xparse/define-command"
. 
. Defining document command \smdet with arg. spec. '' on line 136.
.................................................
.................................................
. LaTeX info: "xparse/define-command"
. 
. Defining document command \argopen with arg. spec. 's' on line 138.
.................................................
.................................................
. LaTeX info: "xparse/define-command"
. 
. Defining document command \argclose with arg. spec. 's' on line 139.
.................................................
.................................................
. LaTeX info: "xparse/define-command"
. 
. Defining document command \braces with arg. spec. '' on line 141.
.................................................
.................................................
. LaTeX info: "xparse/define-command"
. 
. Defining document command \@braces with arg. spec. ' s t\big t\Big t\bigg
. t\Bigg m m m ' on line 156.
.................................................
.................................................
. LaTeX info: "xparse/define-command"
. 
. Defining document command \fbraces with arg. spec. ' s t\big t\Big t\bigg
. t\Bigg m m m m ' on line 174.
.................................................
.................................................
. LaTeX info: "xparse/define-command"
. 
. Defining document command \absolutevalue with arg. spec. ' l m ' on line
. 176.
.................................................
.................................................
. LaTeX info: "xparse/define-command"
. 
. Defining document command \abs with arg. spec. '' on line 177.
.................................................
.................................................
. LaTeX info: "xparse/define-command"
. 
. Defining document command \norm with arg. spec. ' l m ' on line 178.
.................................................
.................................................
. LaTeX info: "xparse/define-command"
. 
. Defining document command \order with arg. spec. ' l m ' on line 179.
.................................................
.................................................
. LaTeX info: "xparse/define-command"
. 
. Defining document command \evaluated with arg. spec. ' s g d[| d(| ' on line
. 194.
.................................................
.................................................
. LaTeX info: "xparse/define-command"
. 
. Defining document command \eval with arg. spec. '' on line 195.
.................................................
.................................................
. LaTeX info: "xparse/define-command"
. 
. Defining document command \poissonbracket with arg. spec. ' l m m ' on line
. 197.
.................................................
.................................................
. LaTeX info: "xparse/define-command"
. 
. Defining document command \pb with arg. spec. '' on line 198.
.................................................
.................................................
. LaTeX info: "xparse/define-command"
. 
. Defining document command \commutator with arg. spec. ' l m m ' on line 201.
.................................................
.................................................
. LaTeX info: "xparse/define-command"
. 
. Defining document command \comm with arg. spec. '' on line 202.
.................................................
.................................................
. LaTeX info: "xparse/define-command"
. 
. Defining document command \anticommutator with arg. spec. ' l m m ' on line
. 203.
.................................................
.................................................
. LaTeX info: "xparse/define-command"
. 
. Defining document command \acommutator with arg. spec. '' on line 204.
.................................................
.................................................
. LaTeX info: "xparse/define-command"
. 
. Defining document command \acomm with arg. spec. '' on line 205.
.................................................
.................................................
. LaTeX info: "xparse/define-command"
. 
. Defining document command \vectorbold with arg. spec. ' s m ' on line 208.
.................................................
.................................................
. LaTeX info: "xparse/define-command"
. 
. Defining document command \vb with arg. spec. '' on line 209.
.................................................
.................................................
. LaTeX info: "xparse/define-command"
. 
. Defining document command \vectorarrow with arg. spec. ' s m ' on line 211.
.................................................
.................................................
. LaTeX info: "xparse/define-command"
. 
. Defining document command \va with arg. spec. '' on line 212.
.................................................
.................................................
. LaTeX info: "xparse/define-command"
. 
. Defining document command \vectorunit with arg. spec. ' s m ' on line 214.
.................................................
.................................................
. LaTeX info: "xparse/define-command"
. 
. Defining document command \vu with arg. spec. '' on line 215.
.................................................
.................................................
. LaTeX info: "xparse/define-command"
. 
. Defining document command \dotproduct with arg. spec. '' on line 217.
.................................................
.................................................
. LaTeX info: "xparse/define-command"
. 
. Defining document command \vdot with arg. spec. '' on line 218.
.................................................
.................................................
. LaTeX info: "xparse/define-command"
. 
. Defining document command \crossproduct with arg. spec. '' on line 220.
.................................................
.................................................
. LaTeX info: "xparse/define-command"
. 
. Defining document command \cross with arg. spec. '' on line 221.
.................................................
.................................................
. LaTeX info: "xparse/define-command"
. 
. Defining document command \cp with arg. spec. '' on line 222.
.................................................
.................................................
. LaTeX info: "xparse/define-command"
. 
. Defining document command \gradient with arg. spec. ' g o d() ' on line 232.
.................................................
.................................................
. LaTeX info: "xparse/define-command"
. 
. Defining document command \grad with arg. spec. '' on line 233.
.................................................
.................................................
. LaTeX info: "xparse/define-command"
. 
. Defining document command \divergence with arg. spec. ' g o d() ' on line
. 243.
.................................................
.................................................
. LaTeX info: "xparse/define-command"
. 
. Defining document command \div with arg. spec. '' on line 246.
.................................................
.................................................
. LaTeX info: "xparse/define-command"
. 
. Defining document command \curl with arg. spec. ' g o d() ' on line 256.
.................................................
.................................................
. LaTeX info: "xparse/define-command"
. 
. Defining document command \laplacian with arg. spec. ' g o d() ' on line
. 266.
.................................................
.................................................
. LaTeX info: "xparse/define-command"
. 
. Defining document command \principalvalue with arg. spec. 'g' on line 274.
.................................................
.................................................
. LaTeX info: "xparse/define-command"
. 
. Defining document command \pv with arg. spec. '' on line 275.
.................................................
.................................................
. LaTeX info: "xparse/define-command"
. 
. Defining document command \PV with arg. spec. 'g' on line 276.
.................................................

*************************************************
* LaTeX warning: "xparse/redefine-command"
* 
* Redefining document command \Re with arg. spec. 'g' on line 277.
*************************************************
*************************************************
* LaTeX warning: "xparse/redefine-command"
* 
* Redefining document command \Im with arg. spec. 'g' on line 278.
*************************************************
.................................................
. LaTeX info: "xparse/define-command"
. 
. Defining document command \opbraces with arg. spec. ' m g o d() ' on line
. 299.
.................................................
.................................................
. LaTeX info: "xparse/define-command"
. 
. Defining document command \trigbraces with arg. spec. ' m o d() ' on line
. 305.
.................................................
*************************************************
* LaTeX warning: "xparse/redefine-command"
* 
* Redefining document command \sin with arg. spec. '' on line 309.
*************************************************
*************************************************
* LaTeX warning: "xparse/redefine-command"
* 
* Redefining document command \cos with arg. spec. '' on line 310.
*************************************************
*************************************************
* LaTeX warning: "xparse/redefine-command"
* 
* Redefining document command \tan with arg. spec. '' on line 311.
*************************************************
*************************************************
* LaTeX warning: "xparse/redefine-command"
* 
* Redefining document command \csc with arg. spec. '' on line 312.
*************************************************
*************************************************
* LaTeX warning: "xparse/redefine-command"
* 
* Redefining document command \sec with arg. spec. '' on line 313.
*************************************************
*************************************************
* LaTeX warning: "xparse/redefine-command"
* 
* Redefining document command \cot with arg. spec. '' on line 314.
*************************************************
*************************************************
* LaTeX warning: "xparse/redefine-command"
* 
* Redefining document command \arcsin with arg. spec. '' on line 316.
*************************************************
*************************************************
* LaTeX warning: "xparse/redefine-command"
* 
* Redefining document command \arccos with arg. spec. '' on line 317.
*************************************************
*************************************************
* LaTeX warning: "xparse/redefine-command"
* 
* Redefining document command \arctan with arg. spec. '' on line 318.
*************************************************
.................................................
. LaTeX info: "xparse/define-command"
. 
. Defining document command \arccsc with arg. spec. '' on line 320.
.................................................
.................................................
. LaTeX info: "xparse/define-command"
. 
. Defining document command \arcsec with arg. spec. '' on line 322.
.................................................
.................................................
. LaTeX info: "xparse/define-command"
. 
. Defining document command \arccot with arg. spec. '' on line 324.
.................................................
.................................................
. LaTeX info: "xparse/define-command"
. 
. Defining document command \asin with arg. spec. '' on line 327.
.................................................
.................................................
. LaTeX info: "xparse/define-command"
. 
. Defining document command \acos with arg. spec. '' on line 329.
.................................................
.................................................
. LaTeX info: "xparse/define-command"
. 
. Defining document command \atan with arg. spec. '' on line 331.
.................................................
.................................................
. LaTeX info: "xparse/define-command"
. 
. Defining document command \acsc with arg. spec. '' on line 333.
.................................................
.................................................
. LaTeX info: "xparse/define-command"
. 
. Defining document command \asec with arg. spec. '' on line 335.
.................................................
.................................................
. LaTeX info: "xparse/define-command"
. 
. Defining document command \acot with arg. spec. '' on line 337.
.................................................
*************************************************
* LaTeX warning: "xparse/redefine-command"
* 
* Redefining document command \sinh with arg. spec. '' on line 339.
*************************************************
*************************************************
* LaTeX warning: "xparse/redefine-command"
* 
* Redefining document command \cosh with arg. spec. '' on line 340.
*************************************************
*************************************************
* LaTeX warning: "xparse/redefine-command"
* 
* Redefining document command \tanh with arg. spec. '' on line 341.
*************************************************
.................................................
. LaTeX info: "xparse/define-command"
. 
. Defining document command \csch with arg. spec. '' on line 343.
.................................................
.................................................
. LaTeX info: "xparse/define-command"
. 
. Defining document command \sech with arg. spec. '' on line 345.
.................................................
*************************************************
* LaTeX warning: "xparse/redefine-command"
* 
* Redefining document command \coth with arg. spec. '' on line 346.
*************************************************
*************************************************
* LaTeX warning: "xparse/redefine-command"
* 
* Redefining document command \exp with arg. spec. '' on line 348.
*************************************************
*************************************************
* LaTeX warning: "xparse/redefine-command"
* 
* Redefining document command \log with arg. spec. '' on line 349.
*************************************************
*************************************************
* LaTeX warning: "xparse/redefine-command"
* 
* Redefining document command \ln with arg. spec. '' on line 350.
*************************************************
*************************************************
* LaTeX warning: "xparse/redefine-command"
* 
* Redefining document command \det with arg. spec. '' on line 351.
*************************************************
*************************************************
* LaTeX warning: "xparse/redefine-command"
* 
* Redefining document command \Pr with arg. spec. '' on line 352.
*************************************************
.................................................
. LaTeX info: "xparse/define-command"
. 
. Defining document command \tr with arg. spec. '' on line 353.
.................................................
.................................................
. LaTeX info: "xparse/define-command"
. 
. Defining document command \Tr with arg. spec. '' on line 354.
.................................................
.................................................
. LaTeX info: "xparse/define-command"
. 
. Defining document command \Res with arg. spec. '' on line 355.
.................................................
.................................................
. LaTeX info: "xparse/define-command"
. 
. Defining document command \qqtext with arg. spec. ' s m ' on line 377.
.................................................
.................................................
. LaTeX info: "xparse/define-command"
. 
. Defining document command \qq with arg. spec. '' on line 378.
.................................................
.................................................
. LaTeX info: "xparse/define-command"
. 
. Defining document command \qcomma with arg. spec. '' on line 380.
.................................................
.................................................
. LaTeX info: "xparse/define-command"
. 
. Defining document command \qc with arg. spec. '' on line 381.
.................................................
.................................................
. LaTeX info: "xparse/define-command"
. 
. Defining document command \qif with arg. spec. 's' on line 383.
.................................................
.................................................
. LaTeX info: "xparse/define-command"
. 
. Defining document command \qthen with arg. spec. 's' on line 384.
.................................................
.................................................
. LaTeX info: "xparse/define-command"
. 
. Defining document command \qelse with arg. spec. 's' on line 385.
.................................................
.................................................
. LaTeX info: "xparse/define-command"
. 
. Defining document command \qotherwise with arg. spec. 's' on line 386.
.................................................
.................................................
. LaTeX info: "xparse/define-command"
. 
. Defining document command \qunless with arg. spec. 's' on line 387.
.................................................
.................................................
. LaTeX info: "xparse/define-command"
. 
. Defining document command \qgiven with arg. spec. 's' on line 388.
.................................................
.................................................
. LaTeX info: "xparse/define-command"
. 
. Defining document command \qusing with arg. spec. 's' on line 389.
.................................................
.................................................
. LaTeX info: "xparse/define-command"
. 
. Defining document command \qassume with arg. spec. 's' on line 390.
.................................................
.................................................
. LaTeX info: "xparse/define-command"
. 
. Defining document command \qsince with arg. spec. 's' on line 391.
.................................................
.................................................
. LaTeX info: "xparse/define-command"
. 
. Defining document command \qlet with arg. spec. 's' on line 392.
.................................................
.................................................
. LaTeX info: "xparse/define-command"
. 
. Defining document command \qfor with arg. spec. 's' on line 393.
.................................................
.................................................
. LaTeX info: "xparse/define-command"
. 
. Defining document command \qall with arg. spec. 's' on line 394.
.................................................
.................................................
. LaTeX info: "xparse/define-command"
. 
. Defining document command \qeven with arg. spec. 's' on line 395.
.................................................
.................................................
. LaTeX info: "xparse/define-command"
. 
. Defining document command \qodd with arg. spec. 's' on line 396.
.................................................
.................................................
. LaTeX info: "xparse/define-command"
. 
. Defining document command \qinteger with arg. spec. 's' on line 397.
.................................................
.................................................
. LaTeX info: "xparse/define-command"
. 
. Defining document command \qand with arg. spec. 's' on line 398.
.................................................
.................................................
. LaTeX info: "xparse/define-command"
. 
. Defining document command \qor with arg. spec. 's' on line 399.
.................................................
.................................................
. LaTeX info: "xparse/define-command"
. 
. Defining document command \qas with arg. spec. 's' on line 400.
.................................................
.................................................
. LaTeX info: "xparse/define-command"
. 
. Defining document command \qin with arg. spec. 's' on line 401.
.................................................
.................................................
. LaTeX info: "xparse/define-command"
. 
. Defining document command \qcc with arg. spec. 's' on line 402.
.................................................
.................................................
. LaTeX info: "xparse/define-command"
. 
. Defining document command \differential with arg. spec. ' o g d() ' on line
. 415.
.................................................
.................................................
. LaTeX info: "xparse/define-command"
. 
. Defining document command \dd with arg. spec. '' on line 416.
.................................................
.................................................
. LaTeX info: "xparse/define-command"
. 
. Defining document command \derivative with arg. spec. ' s o m g d() ' on
. line 435.
.................................................
.................................................
. LaTeX info: "xparse/define-command"
. 
. Defining document command \dv with arg. spec. '' on line 436.
.................................................
.................................................
. LaTeX info: "xparse/define-command"
. 
. Defining document command \partialderivative with arg. spec. ' s o m g g d()
. ' on line 460.
.................................................
.................................................
. LaTeX info: "xparse/define-command"
. 
. Defining document command \pderivative with arg. spec. '' on line 461.
.................................................
.................................................
. LaTeX info: "xparse/define-command"
. 
. Defining document command \pdv with arg. spec. '' on line 462.
.................................................
.................................................
. LaTeX info: "xparse/define-command"
. 
. Defining document command \variation with arg. spec. ' o g d() ' on line
. 474.
.................................................
.................................................
. LaTeX info: "xparse/define-command"
. 
. Defining document command \var with arg. spec. '' on line 475.
.................................................
.................................................
. LaTeX info: "xparse/define-command"
. 
. Defining document command \functionalderivative with arg. spec. ' s o m g
. d() ' on line 494.
.................................................
.................................................
. LaTeX info: "xparse/define-command"
. 
. Defining document command \fderivative with arg. spec. '' on line 495.
.................................................
.................................................
. LaTeX info: "xparse/define-command"
. 
. Defining document command \fdv with arg. spec. '' on line 496.
.................................................
.................................................
. LaTeX info: "xparse/define-command"
. 
. Defining document command \bra with arg. spec. ' s m t\ket s g ' on line
. 526.
.................................................
.................................................
. LaTeX info: "xparse/define-command"
. 
. Defining document command \ket with arg. spec. ' s m ' on line 533.
.................................................
.................................................
. LaTeX info: "xparse/define-command"
. 
. Defining document command \innerproduct with arg. spec. ' s m g ' on line
. 548.
.................................................
.................................................
. LaTeX info: "xparse/define-command"
. 
. Defining document command \braket with arg. spec. '' on line 549.
.................................................
.................................................
. LaTeX info: "xparse/define-command"
. 
. Defining document command \ip with arg. spec. '' on line 550.
.................................................
.................................................
. LaTeX info: "xparse/define-command"
. 
. Defining document command \outerproduct with arg. spec. ' s m g ' on line
. 565.
.................................................
.................................................
. LaTeX info: "xparse/define-command"
. 
. Defining document command \dyad with arg. spec. '' on line 566.
.................................................
.................................................
. LaTeX info: "xparse/define-command"
. 
. Defining document command \op with arg. spec. '' on line 567.
.................................................
.................................................
. LaTeX info: "xparse/define-command"
. 
. Defining document command \ketbra with arg. spec. '' on line 568.
.................................................
.................................................
. LaTeX info: "xparse/define-command"
. 
. Defining document command \expectationvalue with arg. spec. ' s s m g ' on
. line 587.
.................................................
.................................................
. LaTeX info: "xparse/define-command"
. 
. Defining document command \expval with arg. spec. '' on line 588.
.................................................
.................................................
. LaTeX info: "xparse/define-command"
. 
. Defining document command \ev with arg. spec. '' on line 589.
.................................................
.................................................
. LaTeX info: "xparse/define-command"
. 
. Defining document command \vev with arg. spec. ' m ' on line 590.
.................................................
.................................................
. LaTeX info: "xparse/define-command"
. 
. Defining document command \matrixelement with arg. spec. ' s s m m m ' on
. line 601.
.................................................
.................................................
. LaTeX info: "xparse/define-command"
. 
. Defining document command \matrixel with arg. spec. '' on line 602.
.................................................
.................................................
. LaTeX info: "xparse/define-command"
. 
. Defining document command \mel with arg. spec. '' on line 603.
.................................................
.................................................
. LaTeX info: "xparse/define-command"
. 
. Defining document command \identitymatrix with arg. spec. 'm' on line 633.
.................................................
.................................................
. LaTeX info: "xparse/define-command"
. 
. Defining document command \imat with arg. spec. '' on line 634.
.................................................
.................................................
. LaTeX info: "xparse/define-command"
. 
. Defining document command \xmatrix with arg. spec. ' s m m m ' on line 659.
.................................................
.................................................
. LaTeX info: "xparse/define-command"
. 
. Defining document command \xmat with arg. spec. '' on line 660.
.................................................
.................................................
. LaTeX info: "xparse/define-command"
. 
. Defining document command \zeromatrix with arg. spec. ' m g ' on line 662.
.................................................
.................................................
. LaTeX info: "xparse/define-command"
. 
. Defining document command \zmat with arg. spec. '' on line 663.
.................................................
.................................................
. LaTeX info: "xparse/define-command"
. 
. Defining document command \paulixmatrix with arg. spec. '' on line 665.
.................................................
.................................................
. LaTeX info: "xparse/define-command"
. 
. Defining document command \pauliymatrix with arg. spec. '' on line 666.
.................................................
.................................................
. LaTeX info: "xparse/define-command"
. 
. Defining document command \paulizmatrix with arg. spec. '' on line 667.
.................................................
.................................................
. LaTeX info: "xparse/define-command"
. 
. Defining document command \paulimatrix with arg. spec. 'm' on line 678.
.................................................
.................................................
. LaTeX info: "xparse/define-command"
. 
. Defining document command \pmat with arg. spec. '' on line 679.
.................................................
.................................................
. LaTeX info: "xparse/define-command"
. 
. Defining document command \diagonalmatrix with arg. spec. 'O{} >{\SplitList
. {,}}m ' on line 681.
.................................................
.................................................
. LaTeX info: "xparse/define-command"
. 
. Defining document command \@dmat with arg. spec. 'mmggggggg' on line 714.
.................................................
.................................................
. LaTeX info: "xparse/define-command"
. 
. Defining document command \dmat with arg. spec. '' on line 715.
.................................................
.................................................
. LaTeX info: "xparse/define-command"
. 
. Defining document command \antidiagonalmatrix with arg. spec. 'O{}
. >{\SplitList {,}}m ' on line 717.
.................................................
.................................................
. LaTeX info: "xparse/define-command"
. 
. Defining document command \@admat with arg. spec. 'mmggggggg' on line 750.
.................................................
.................................................
. LaTeX info: "xparse/define-command"
. 
. Defining document command \admat with arg. spec. '' on line 751.
.................................................
.................................................
. LaTeX info: "xparse/define-command"
. 
. Defining document command \flatfrac with arg. spec. ' m m ' on line 754.
.................................................
.................................................
. LaTeX info: "xparse/define-command"
. 
. Defining document command \homework with arg. spec. '' on line 764.
.................................................
) (/usr/local/texlive/2013/texmf-dist/tex/latex/xcolor/xcolor.sty
Package: xcolor 2007/01/21 v2.11 LaTeX color extensions (UK)

(/usr/local/texlive/2013/texmf-dist/tex/latex/latexconfig/color.cfg
File: color.cfg 2007/01/18 v1.5 color configuration of teTeX/TeXLive
)
Package xcolor Info: Driver file: pdftex.def on input line 225.
Package xcolor Info: Model `cmy' substituted by `cmy0' on input line 1337.
Package xcolor Info: Model `hsb' substituted by `rgb' on input line 1341.
Package xcolor Info: Model `RGB' extended on input line 1353.
Package xcolor Info: Model `HTML' substituted by `rgb' on input line 1355.
Package xcolor Info: Model `Hsb' substituted by `hsb' on input line 1356.
Package xcolor Info: Model `tHsb' substituted by `hsb' on input line 1357.
Package xcolor Info: Model `HSB' substituted by `hsb' on input line 1358.
Package xcolor Info: Model `Gray' substituted by `gray' on input line 1359.
Package xcolor Info: Model `wave' substituted by `hsb' on input line 1360.

(/usr/local/texlive/2013/texmf-dist/tex/latex/graphics/dvipsnam.def
File: dvipsnam.def 1999/02/16 v3.0i Driver-dependant file (DPC,SPQR)
)))
(/usr/local/texlive/2013/texmf-dist/tex/latex/cmap/cmap.sty
Package: cmap 2008/03/06 v1.0h CMap support: searchable PDF
)
(/usr/local/texlive/2013/texmf-dist/tex/latex/base/fontenc.sty
Package: fontenc 2005/09/27 v1.99g Standard LaTeX package

(/usr/local/texlive/2013/texmf-dist/tex/latex/base/t1enc.def
File: t1enc.def 2005/09/27 v1.99g Standard LaTeX file
LaTeX Font Info:    Redeclaring font encoding T1 on input line 43.
)<<t1.cmap>>)
(/usr/local/texlive/2013/texmf-dist/tex/latex/rotating/rotating.sty
Package: rotating 2009/03/28 v2.16a rotated objects in LaTeX

(/usr/local/texlive/2013/texmf-dist/tex/latex/base/ifthen.sty
Package: ifthen 2001/05/26 v1.1c Standard LaTeX ifthen package (DPC)
)
\c@r@tfl@t=\count146
\rotFPtop=\skip68
\rotFPbot=\skip69
\rot@float@box=\box43
\rot@mess@toks=\toks22
)
(/usr/local/texlive/2013/texmf-dist/tex/latex/hyperref/hyperref.sty
Package: hyperref 2012/11/06 v6.83m Hypertext links for LaTeX

(/usr/local/texlive/2013/texmf-dist/tex/generic/oberdiek/hobsub-hyperref.sty
Package: hobsub-hyperref 2012/05/28 v1.13 Bundle oberdiek, subset hyperref (HO)


(/usr/local/texlive/2013/texmf-dist/tex/generic/oberdiek/hobsub-generic.sty
Package: hobsub-generic 2012/05/28 v1.13 Bundle oberdiek, subset generic (HO)
Package: hobsub 2012/05/28 v1.13 Construct package bundles (HO)
Package hobsub Info: Skipping package `infwarerr' (already loaded).
Package hobsub Info: Skipping package `ltxcmds' (already loaded).
Package: ifluatex 2010/03/01 v1.3 Provides the ifluatex switch (HO)
Package ifluatex Info: LuaTeX not detected.
Package: ifvtex 2010/03/01 v1.5 Detect VTeX and its facilities (HO)
Package ifvtex Info: VTeX not detected.
Package: intcalc 2007/09/27 v1.1 Expandable calculations with integers (HO)
Package hobsub Info: Skipping package `ifpdf' (already loaded).
Package: etexcmds 2011/02/16 v1.5 Avoid name clashes with e-TeX commands (HO)
Package etexcmds Info: Could not find \expanded.
(etexcmds)             That can mean that you are not using pdfTeX 1.50 or
(etexcmds)             that some package has redefined \expanded.
(etexcmds)             In the latter case, load this package earlier.
Package: kvsetkeys 2012/04/25 v1.16 Key value parser (HO)
Package: kvdefinekeys 2011/04/07 v1.3 Define keys (HO)
Package: pdftexcmds 2011/11/29 v0.20 Utility functions of pdfTeX for LuaTeX (HO
)
Package pdftexcmds Info: LuaTeX not detected.
Package pdftexcmds Info: \pdf@primitive is available.
Package pdftexcmds Info: \pdf@ifprimitive is available.
Package pdftexcmds Info: \pdfdraftmode found.
Package: pdfescape 2011/11/25 v1.13 Implements pdfTeX's escape features (HO)
Package: bigintcalc 2012/04/08 v1.3 Expandable calculations on big integers (HO
)
Package: bitset 2011/01/30 v1.1 Handle bit-vector datatype (HO)
Package: uniquecounter 2011/01/30 v1.2 Provide unlimited unique counter (HO)
)
Package hobsub Info: Skipping package `hobsub' (already loaded).
Package: letltxmacro 2010/09/02 v1.4 Let assignment for LaTeX macros (HO)
Package: hopatch 2012/05/28 v1.2 Wrapper for package hooks (HO)
Package: xcolor-patch 2011/01/30 xcolor patch
Package: atveryend 2011/06/30 v1.8 Hooks at the very end of document (HO)
Package atveryend Info: \enddocument detected (standard20110627).
Package: atbegshi 2011/10/05 v1.16 At begin shipout hook (HO)
Package: refcount 2011/10/16 v3.4 Data extraction from label references (HO)
Package: hycolor 2011/01/30 v1.7 Color options for hyperref/bookmark (HO)
)
(/usr/local/texlive/2013/texmf-dist/tex/generic/ifxetex/ifxetex.sty
Package: ifxetex 2010/09/12 v0.6 Provides ifxetex conditional
)
(/usr/local/texlive/2013/texmf-dist/tex/latex/oberdiek/auxhook.sty
Package: auxhook 2011/03/04 v1.3 Hooks for auxiliary files (HO)
)
(/usr/local/texlive/2013/texmf-dist/tex/latex/oberdiek/kvoptions.sty
Package: kvoptions 2011/06/30 v3.11 Key value format for package options (HO)
)
\@linkdim=\dimen174
\Hy@linkcounter=\count147
\Hy@pagecounter=\count148

(/usr/local/texlive/2013/texmf-dist/tex/latex/hyperref/pd1enc.def
File: pd1enc.def 2012/11/06 v6.83m Hyperref: PDFDocEncoding definition (HO)
)
\Hy@SavedSpaceFactor=\count149

(/usr/local/texlive/2013/texmf-dist/tex/latex/latexconfig/hyperref.cfg
File: hyperref.cfg 2002/06/06 v1.2 hyperref configuration of TeXLive
)
Package hyperref Info: Hyper figures OFF on input line 4443.
Package hyperref Info: Link nesting OFF on input line 4448.
Package hyperref Info: Hyper index ON on input line 4451.
Package hyperref Info: Plain pages OFF on input line 4458.
Package hyperref Info: Backreferencing OFF on input line 4463.
Package hyperref Info: Implicit mode ON; LaTeX internals redefined.
Package hyperref Info: Bookmarks ON on input line 4688.
\c@Hy@tempcnt=\count150

(/usr/local/texlive/2013/texmf-dist/tex/latex/url/url.sty
\Urlmuskip=\muskip17
Package: url 2006/04/12  ver 3.3  Verb mode for urls, etc.
)
LaTeX Info: Redefining \url on input line 5041.
\XeTeXLinkMargin=\dimen175
\Fld@menulength=\count151
\Field@Width=\dimen176
\Fld@charsize=\dimen177
Package hyperref Info: Hyper figures OFF on input line 6295.
Package hyperref Info: Link nesting OFF on input line 6300.
Package hyperref Info: Hyper index ON on input line 6303.
Package hyperref Info: backreferencing OFF on input line 6310.
Package hyperref Info: Link coloring OFF on input line 6315.
Package hyperref Info: Link coloring with OCG OFF on input line 6320.
Package hyperref Info: PDF/A mode OFF on input line 6325.
LaTeX Info: Redefining \ref on input line 6365.
LaTeX Info: Redefining \pageref on input line 6369.
\Hy@abspage=\count152
\c@Item=\count153
\c@Hfootnote=\count154
)

Package hyperref Message: Driver (autodetected): hpdftex.

(/usr/local/texlive/2013/texmf-dist/tex/latex/hyperref/hpdftex.def
File: hpdftex.def 2012/11/06 v6.83m Hyperref driver for pdfTeX
\Fld@listcount=\count155
\c@bookmark@seq@number=\count156

(/usr/local/texlive/2013/texmf-dist/tex/latex/oberdiek/rerunfilecheck.sty
Package: rerunfilecheck 2011/04/15 v1.7 Rerun checks for auxiliary files (HO)
Package uniquecounter Info: New unique counter `rerunfilecheck' on input line 2
82.
)
\Hy@SectionHShift=\skip70
)
(/usr/local/texlive/2013/texmf-dist/tex/latex/placeins/placeins.sty
Package: placeins 2005/04/18  v 2.2
)
(/usr/local/texlive/2013/texmf-dist/tex/latex/tools/afterpage.sty
Package: afterpage 1995/10/27 v1.08 After-Page Package (DPC)
\AP@output=\toks23
\AP@partial=\box44
\AP@footins=\box45
)
(./mythesis.aux (./inputs/StandardModel/Problems.tex.aux)

LaTeX Warning: Label `fig:CmsTracker' multiply defined.


LaTeX Warning: Label `sec:Trigger' multiply defined.


LaTeX Warning: Label `tab:preCMS' multiply defined.


LaTeX Warning: Label `eq:lhd_counts' multiply defined.


LaTeX Warning: Label `fig:mg_muL' multiply defined.


LaTeX Warning: Label `fig:gull' multiply defined.


LaTeX Warning: Label `sub@fig:gull' multiply defined.


LaTeX Warning: Label `fig:tiger' multiply defined.


LaTeX Warning: Label `sub@fig:tiger' multiply defined.


LaTeX Warning: Label `fig:animals' multiply defined.


LaTeX Warning: Label `fig:gull' multiply defined.


LaTeX Warning: Label `sub@fig:gull' multiply defined.


LaTeX Warning: Label `fig:tiger' multiply defined.


LaTeX Warning: Label `sub@fig:tiger' multiply defined.


LaTeX Warning: Label `fig:animals' multiply defined.


LaTeX Warning: Label `fig:gull' multiply defined.


LaTeX Warning: Label `sub@fig:gull' multiply defined.


LaTeX Warning: Label `fig:tiger' multiply defined.


LaTeX Warning: Label `sub@fig:tiger' multiply defined.


LaTeX Warning: Label `table:CF2' multiply defined.


LaTeX Warning: Label `fig:gull' multiply defined.


LaTeX Warning: Label `sub@fig:gull' multiply defined.


LaTeX Warning: Label `fig:tiger' multiply defined.


LaTeX Warning: Label `sub@fig:tiger' multiply defined.


LaTeX Warning: Label `fig:animals' multiply defined.


LaTeX Warning: Label `fig:gull' multiply defined.


LaTeX Warning: Label `sub@fig:gull' multiply defined.


LaTeX Warning: Label `fig:tiger' multiply defined.


LaTeX Warning: Label `sub@fig:tiger' multiply defined.


LaTeX Warning: Label `fig:animals' multiply defined.


LaTeX Warning: Label `fig:gull' multiply defined.


LaTeX Warning: Label `sub@fig:gull' multiply defined.


LaTeX Warning: Label `fig:tiger' multiply defined.


LaTeX Warning: Label `sub@fig:tiger' multiply defined.


LaTeX Warning: Label `fig:animals' multiply defined.


LaTeX Warning: Label `fig:gull' multiply defined.


LaTeX Warning: Label `sub@fig:gull' multiply defined.


LaTeX Warning: Label `fig:tiger' multiply defined.


LaTeX Warning: Label `sub@fig:tiger' multiply defined.


LaTeX Warning: Label `fig:gull' multiply defined.


LaTeX Warning: Label `sub@fig:gull' multiply defined.


LaTeX Warning: Label `fig:tiger' multiply defined.


LaTeX Warning: Label `sub@fig:tiger' multiply defined.


LaTeX Warning: Label `fig:animals' multiply defined.


LaTeX Warning: Label `fig:gull' multiply defined.


LaTeX Warning: Label `sub@fig:gull' multiply defined.


LaTeX Warning: Label `fig:tiger' multiply defined.


LaTeX Warning: Label `sub@fig:tiger' multiply defined.


LaTeX Warning: Label `fig:animals' multiply defined.


LaTeX Warning: Label `fig:gull' multiply defined.


LaTeX Warning: Label `sub@fig:gull' multiply defined.


LaTeX Warning: Label `fig:tiger' multiply defined.


LaTeX Warning: Label `sub@fig:tiger' multiply defined.


LaTeX Warning: Label `fig:animals' multiply defined.


LaTeX Warning: Label `fig:gull' multiply defined.


LaTeX Warning: Label `sub@fig:gull' multiply defined.


LaTeX Warning: Label `fig:tiger' multiply defined.


LaTeX Warning: Label `sub@fig:tiger' multiply defined.


LaTeX Warning: Label `fig:gull' multiply defined.


LaTeX Warning: Label `sub@fig:gull' multiply defined.


LaTeX Warning: Label `fig:tiger' multiply defined.


LaTeX Warning: Label `sub@fig:tiger' multiply defined.


LaTeX Warning: Label `fig:animals' multiply defined.


LaTeX Warning: Label `fig:gull' multiply defined.


LaTeX Warning: Label `sub@fig:gull' multiply defined.


LaTeX Warning: Label `fig:tiger' multiply defined.


LaTeX Warning: Label `sub@fig:tiger' multiply defined.


LaTeX Warning: Label `fig:animals' multiply defined.


LaTeX Warning: Label `fig:gull' multiply defined.


LaTeX Warning: Label `sub@fig:gull' multiply defined.


LaTeX Warning: Label `fig:tiger' multiply defined.


LaTeX Warning: Label `sub@fig:tiger' multiply defined.


LaTeX Warning: Label `fig:animals' multiply defined.


LaTeX Warning: Label `fig:gull' multiply defined.


LaTeX Warning: Label `sub@fig:gull' multiply defined.


LaTeX Warning: Label `fig:tiger' multiply defined.


LaTeX Warning: Label `sub@fig:tiger' multiply defined.

)
\openout1 = `mythesis.aux'.

LaTeX Font Info:    Checking defaults for OML/cmm/m/it on input line 44.
LaTeX Font Info:    ... okay on input line 44.
LaTeX Font Info:    Checking defaults for T1/cmr/m/n on input line 44.
LaTeX Font Info:    ... okay on input line 44.
LaTeX Font Info:    Checking defaults for OT1/cmr/m/n on input line 44.
LaTeX Font Info:    ... okay on input line 44.
LaTeX Font Info:    Checking defaults for OMS/cmsy/m/n on input line 44.
LaTeX Font Info:    ... okay on input line 44.
LaTeX Font Info:    Checking defaults for OMX/cmex/m/n on input line 44.
LaTeX Font Info:    ... okay on input line 44.
LaTeX Font Info:    Checking defaults for U/cmr/m/n on input line 44.
LaTeX Font Info:    ... okay on input line 44.
LaTeX Font Info:    Checking defaults for PD1/pdf/m/n on input line 44.
LaTeX Font Info:    ... okay on input line 44.
 (/usr/local/texlive/2013/texmf-dist/tex/context/base/supp-pdf.mkii
[Loading MPS to PDF converter (version 2006.09.02).]
\scratchcounter=\count157
\scratchdimen=\dimen178
\scratchbox=\box46
\nofMPsegments=\count158
\nofMParguments=\count159
\everyMPshowfont=\toks24
\MPscratchCnt=\count160
\MPscratchDim=\dimen179
\MPnumerator=\count161
\makeMPintoPDFobject=\count162
\everyMPtoPDFconversion=\toks25
) (/usr/local/texlive/2013/texmf-dist/tex/latex/oberdiek/epstopdf-base.sty
Package: epstopdf-base 2010/02/09 v2.5 Base part for package epstopdf

(/usr/local/texlive/2013/texmf-dist/tex/latex/oberdiek/grfext.sty
Package: grfext 2010/08/19 v1.1 Manage graphics extensions (HO)
)
Package grfext Info: Graphics extension search list:
(grfext)             [.png,.pdf,.jpg,.mps,.jpeg,.jbig2,.jb2,.PNG,.PDF,.JPG,.JPE
G,.JBIG2,.JB2,.eps]
(grfext)             \AppendGraphicsExtensions on input line 452.

(/usr/local/texlive/2013/texmf-dist/tex/latex/latexconfig/epstopdf-sys.cfg
File: epstopdf-sys.cfg 2010/07/13 v1.3 Configuration of (r)epstopdf for TeX Liv
e
))
Package caption Info: Begin \AtBeginDocument code.
Package caption Info: subfig package v1.3 is loaded.
Package caption Info: hyperref package is loaded.
Package caption Info: rotating package is loaded.
Package caption Info: End \AtBeginDocument code.
\AtBeginShipoutBox=\box47
Package hyperref Info: Link coloring OFF on input line 44.

(/usr/local/texlive/2013/texmf-dist/tex/latex/hyperref/nameref.sty
Package: nameref 2012/10/27 v2.43 Cross-referencing by name of section

(/usr/local/texlive/2013/texmf-dist/tex/generic/oberdiek/gettitlestring.sty
Package: gettitlestring 2010/12/03 v1.4 Cleanup title references (HO)
)
\c@section@level=\count163
)
LaTeX Info: Redefining \ref on input line 44.
LaTeX Info: Redefining \pageref on input line 44.
LaTeX Info: Redefining \nameref on input line 44.

(./mythesis.out) (./mythesis.out)
\@outlinefile=\write3
\openout3 = `mythesis.out'.

LaTeX Font Info:    Try loading font information for OMS+cmr on input line 48.

(/usr/local/texlive/2013/texmf-dist/tex/latex/base/omscmr.fd
File: omscmr.fd 1999/05/25 v2.5h Standard LaTeX font definitions
)
LaTeX Font Info:    Font shape `OMS/cmr/m/n' in size <12> not available
(Font)              Font shape `OMS/cmsy/m/n' tried instead on input line 48.
<<oms.cmap>>
[1

{/usr/local/texlive/2013/texmf-var/fonts/map/pdftex/updmap/pdftex.map}]
[2

] [3

] [4] (./mythesis.toc<<ot1.cmap>><<oml.cmap>><<omx.cmap>>
LaTeX Font Info:    Try loading font information for U+msa on input line 1.

(/usr/local/texlive/2013/texmf-dist/tex/latex/amsfonts/umsa.fd
File: umsa.fd 2013/01/14 v3.01 AMS symbols A
)
LaTeX Font Info:    Try loading font information for U+msb on input line 1.

(/usr/local/texlive/2013/texmf-dist/tex/latex/amsfonts/umsb.fd
File: umsb.fd 2013/01/14 v3.01 AMS symbols B
) [5


] [6])
\tf@toc=\write4
\openout4 = `mythesis.toc'.


[7] (./mythesis.lot
Overfull \hbox (34.27798pt too wide) in paragraph at lines 26--26
 \T1/cmr/m/n/12 points used are $\OT1/cmr/m/n/12 (\OML/cmm/m/it/12 m[];  m[]\OT
1/cmr/m/n/12 ) = (700\OML/cmm/m/it/12 ;  \OT1/cmr/m/n/12 100)$\T1/cmr/m/n/12 Ge
V for T2qq and $\OT1/cmr/m/n/12 (\OML/cmm/m/it/12 m[];  m[]\OT1/cmr/m/n/12 ) = 
(1100\OML/cmm/m/it/12 ;  \OT1/cmr/m/n/12 125)$\T1/cmr/m/n/12 GeV 
 []

[8

] [9] [10])
\tf@lot=\write5
\openout5 = `mythesis.lot'.

 [11] (./mythesis.lof [12

] [13] [14] [15] [16] [17] [18] [19]
LaTeX Font Info:    Try loading font information for T1+cmtt on input line 142.


(/usr/local/texlive/2013/texmf-dist/tex/latex/base/t1cmtt.fd
File: t1cmtt.fd 1999/05/25 v2.5h Standard LaTeX font definitions
) [20]
Overfull \hbox (9.13643pt too wide) in paragraph at lines 150--150
 [][] [][]\T1/cmr/m/n/12 The sim-pli-fied mod-els used for the op-ti-miza-tion 
and in-ter-pre-ta-tion of the hadronic 
 []

[21] [22] [23] [24])
\tf@lof=\write6
\openout6 = `mythesis.lof'.

 [25] [26

] (./inputs/Introduction.tex
Chapter 1.
[1



]) (./inputs/QFT.tex [2] [3]
Chapter 2.
<figures/QFT/istate_fstate.png, id=1518, 579.16376pt x 379.4175pt>
File: figures/QFT/istate_fstate.png Graphic file (type png)

<use figures/QFT/istate_fstate.png>
Package pdftex.def Info: figures/QFT/istate_fstate.png used on input line 11.
(pdftex.def)             Requested size: 258.36667pt x 169.25998pt.


LaTeX Warning: `h' float specifier changed to `ht'.

[4

] <figures/QFT/GField.pdf, id=1528, 1330.9725pt x 468.75125pt>
File: figures/QFT/GField.pdf Graphic file (type pdf)

<use figures/QFT/GField.pdf>
Package pdftex.def Info: figures/QFT/GField.pdf used on input line 28.
(pdftex.def)             Requested size: 446.2658pt x 157.16316pt.
 [5 <./figures/QFT/istate_fstate.png>] [6 <./figures/QFT/GField.pdf>]
Overfull \hbox (1.83124pt too wide) in paragraph at lines 46--47
[]\T1/cmr/m/n/12 The math-e-mat-i-cal ob-ject that en-codes all the in-for-ma-t
ion in a per-tur-ba-tive (well-behaved)
 []

[7]
LaTeX Font Info:    Try loading font information for U+dsrom on input line 53.
 (/usr/local/texlive/2013/texmf-dist/tex/latex/doublestroke/Udsrom.fd
File: Udsrom.fd 1995/08/01 v0.1 Double stroke roman font definitions
)
[8] <figures/QFT/feyn1.pdf, id=1560, 503.04471pt x 411.99591pt>
File: figures/QFT/feyn1.pdf Graphic file (type pdf)

<use figures/QFT/feyn1.pdf>
Package pdftex.def Info: figures/QFT/feyn1.pdf used on input line 101.
(pdftex.def)             Requested size: 150.32503pt x 123.11566pt.

<figures/QFT/feyn2.pdf, id=1561, 503.04471pt x 411.99591pt>
File: figures/QFT/feyn2.pdf Graphic file (type pdf)

<use figures/QFT/feyn2.pdf>
Package pdftex.def Info: figures/QFT/feyn2.pdf used on input line 105.
(pdftex.def)             Requested size: 150.32503pt x 123.11566pt.

<figures/QFT/feyn3.pdf, id=1562, 503.04471pt x 411.99591pt>
File: figures/QFT/feyn3.pdf Graphic file (type pdf)

<use figures/QFT/feyn3.pdf>
Package pdftex.def Info: figures/QFT/feyn3.pdf used on input line 109.
(pdftex.def)             Requested size: 150.32503pt x 123.11566pt.

Overfull \hbox (4.71436pt too wide) in paragraph at lines 101--110
 [][][][][][] 
 []

[9] [10 <./figures/QFT/feyn1.pdf> <./figures/QFT/feyn2.pdf> <./figures/QFT/feyn
3.pdf>] [11] [12] <figures/QFT/SB1.pdf, id=1631, 569.12625pt x 484.81125pt>
File: figures/QFT/SB1.pdf Graphic file (type pdf)

<use figures/QFT/SB1.pdf>
Package pdftex.def Info: figures/QFT/SB1.pdf used on input line 156.
(pdftex.def)             Requested size: 155.02pt x 132.05481pt.

<figures/QFT/SB2.pdf, id=1632, 569.12625pt x 484.81125pt>
File: figures/QFT/SB2.pdf Graphic file (type pdf)

<use figures/QFT/SB2.pdf>
Package pdftex.def Info: figures/QFT/SB2.pdf used on input line 160.
(pdftex.def)             Requested size: 155.02pt x 132.05481pt.

<figures/QFT/SB3.pdf, id=1633, 569.12625pt x 484.81125pt>
File: figures/QFT/SB3.pdf Graphic file (type pdf)

<use figures/QFT/SB3.pdf>
Package pdftex.def Info: figures/QFT/SB3.pdf used on input line 164.
(pdftex.def)             Requested size: 155.02pt x 132.05481pt.


LaTeX Warning: `h' float specifier changed to `ht'.

[13] [14 <./figures/QFT/SB1.pdf, page is rotated 90 degrees> <./figures/QFT/SB2
.pdf, page is rotated 90 degrees> <./figures/QFT/SB3.pdf, page is rotated 90 de
grees>]
Overfull \hbox (31.05605pt too wide) in paragraph at lines 192--193
[]$ \T1/cmr/m/n/12 be-cause it is key to the mech-a-nism by which all the par-t
i-cles in the $[]$
 []

) (./inputs/StandardModel.tex [15]
Chapter 3.
<figures/SM/StandardModel2.png, id=1795, 744.8628pt x 542.9886pt>
File: figures/SM/StandardModel2.png Graphic file (type png)

<use figures/SM/StandardModel2.png>
Package pdftex.def Info: figures/SM/StandardModel2.png used on input line 6.
(pdftex.def)             Requested size: 281.85585pt x 205.46785pt.
 [16

 <./figures/SM/StandardModel2.png>]
[17] [18] [19] [20] (./inputs/StandardModel/SM_table.tex) [21]
<figures/parallel_coordinates/ParCorSM.pdf, id=1849, 803.0pt x 462.15462pt>
File: figures/parallel_coordinates/ParCorSM.pdf Graphic file (type pdf)

<use figures/parallel_coordinates/ParCorSM.pdf>
Package pdftex.def Info: figures/parallel_coordinates/ParCorSM.pdf used on inpu
t line 134.
(pdftex.def)             Requested size: 623.5pt x 358.87132pt.


LaTeX Warning: `h' float specifier changed to `ht'.

[22] [23 <./figures/parallel_coordinates/ParCorSM.pdf>]
\openout2 = `inputs/StandardModel/Problems.tex.aux'.


No file inputs/StandardModel/Problems.tex.tex.
) (./inputs/StandardModel/Problems.tex [24


]
<figures/SM/NGC3198.pdf, id=1896, 578.76578pt x 469.34622pt>
File: figures/SM/NGC3198.pdf Graphic file (type pdf)

<use figures/SM/NGC3198.pdf>
Package pdftex.def Info: figures/SM/NGC3198.pdf used on input line 22.
(pdftex.def)             Requested size: 281.85585pt x 228.57082pt.

<figures/SM/DMConts.pdf, id=1897, 614.295pt x 794.97pt>
File: figures/SM/DMConts.pdf Graphic file (type pdf)

<use figures/SM/DMConts.pdf>
Package pdftex.def Info: figures/SM/DMConts.pdf used on input line 22.
(pdftex.def)             Requested size: 216.09044pt x 279.65077pt.


LaTeX Warning: `h' float specifier changed to `ht'.

[25] [26 <./figures/SM/NGC3198.pdf> <./figures/SM/DMConts.pdf>]
<figures/SM/VevFermionLoop.png, id=1951, 502.87875pt x 298.11375pt>
File: figures/SM/VevFermionLoop.png Graphic file (type png)

<use figures/SM/VevFermionLoop.png>
Package pdftex.def Info: figures/SM/VevFermionLoop.png used on input line 53.
(pdftex.def)             Requested size: 234.87749pt x 139.23555pt.

<figures/SM/VevScalarLoop.png, id=1952, 502.87875pt x 298.11375pt>
File: figures/SM/VevScalarLoop.png Graphic file (type png)

<use figures/SM/VevScalarLoop.png>
Package pdftex.def Info: figures/SM/VevScalarLoop.png used on input line 53.
(pdftex.def)             Requested size: 234.87749pt x 139.23555pt.
 [27 <./figures/SM/VevFermionLoop.png> <./figures/SM/VevScalarLoop.png>]) (./in
puts/ThisDocument.tex [28] [29])
(./inputs/Supersymmetry.tex [30]
Chapter 4.
[31

] [32]
File: figures/SM/VevFermionLoop.png Graphic file (type png)
 <use figures/SM/VevFermionLoop.png>
Package pdftex.def Info: figures/SM/VevFermionLoop.png used on input line 40.
(pdftex.def)             Requested size: 234.87749pt x 139.23555pt.

<figures/SUSY/VevSfermionLoop.png, id=2017, 502.87875pt x 298.11375pt>
File: figures/SUSY/VevSfermionLoop.png Graphic file (type png)

<use figures/SUSY/VevSfermionLoop.png>
Package pdftex.def Info: figures/SUSY/VevSfermionLoop.png used on input line 40
.
(pdftex.def)             Requested size: 234.87749pt x 139.23555pt.

Overfull \hbox (7.97903pt too wide) in paragraph at lines 52--54
\T1/cmr/m/n/12 1. If su-per-sym-met-ric in-ter-ac-tions ex-isted, pro-tons woul
d quickly de-cay be-cause $[]$
 []

[33 <./figures/SUSY/VevSfermionLoop.png>] [34] [35] [36] [37] [38])
(./inputs/Experiment/LHC.tex [39]
Chapter 5.
<figures/LHC/LHC.png, id=2088, 681.54625pt x 685.56125pt>
File: figures/LHC/LHC.png Graphic file (type png)

<use figures/LHC/LHC.png>
Package pdftex.def Info: figures/LHC/LHC.png used on input line 10.
(pdftex.def)             Requested size: 352.31624pt x 354.39128pt.
 [40

] [41 <./figures/LHC/LHC.png>]
Underfull \hbox (badness 10000) in paragraph at lines 99--99
[]\T1/cmr/m/n/12 standard model mea-sure-ments and
 []


Underfull \hbox (badness 10000) in paragraph at lines 99--99
[]\T1/cmr/m/n/12 standard model mea-sure-ments and
 []


Underfull \hbox (badness 10000) in alignment at lines 99--99
[][][] 
 []

<figures/LHC/LHCDipole.jpg, id=2139, 1022.82124pt x 655.44875pt>
File: figures/LHC/LHCDipole.jpg Graphic file (type jpg)

<use figures/LHC/LHCDipole.jpg>
Package pdftex.def Info: figures/LHC/LHCDipole.jpg used on input line 109.
(pdftex.def)             Requested size: 469.75499pt x 301.03001pt.
 [42 <./figures/LHC/LHCDipole.jpg>] [43]
[44] [45]) (./inputs/Experiment/CMS.tex [46]
Chapter 6.
[47

] <figures/CMS/CMSBetter.jpg, id=2182, 506.89375pt x 396.48125pt>
File: figures/CMS/CMSBetter.jpg Graphic file (type jpg)

<use figures/CMS/CMSBetter.jpg>
Package pdftex.def Info: figures/CMS/CMSBetter.jpg used on input line 9.
(pdftex.def)             Requested size: 281.85585pt x 220.46713pt.
 [48 <./figures/CMS/CMSBetter.jpg>]
<figures/CMS/TrackerLayout.png, id=2191, 929.18571pt x 439.81458pt>
File: figures/CMS/TrackerLayout.png Graphic file (type png)

<use figures/CMS/TrackerLayout.png>
Package pdftex.def Info: figures/CMS/TrackerLayout.png used on input line 45.
(pdftex.def)             Requested size: 352.31624pt x 166.76216pt.
 [49]
<figures/CMS/PbWO4.jpg, id=2204, 1598.97375pt x 834.11626pt>
File: figures/CMS/PbWO4.jpg Graphic file (type jpg)

<use figures/CMS/PbWO4.jpg>
Package pdftex.def Info: figures/CMS/PbWO4.jpg used on input line 55.
(pdftex.def)             Requested size: 352.31624pt x 183.78615pt.

<figures/CMS/EBOccupancy.png, id=2205, 782.925pt x 540.0175pt>
File: figures/CMS/EBOccupancy.png Graphic file (type png)

<use figures/CMS/EBOccupancy.png>
Package pdftex.def Info: figures/CMS/EBOccupancy.png used on input line 66.
(pdftex.def)             Requested size: 328.82706pt x 226.8058pt.

<figures/CMS/EB-Occupancy.png, id=2206, 782.925pt x 540.0175pt>
File: figures/CMS/EB-Occupancy.png Graphic file (type png)

<use figures/CMS/EB-Occupancy.png>
Package pdftex.def Info: figures/CMS/EB-Occupancy.png used on input line 77.
(pdftex.def)             Requested size: 234.87749pt x 161.99825pt.

<figures/CMS/EB+Occupancy.png, id=2207, 1037.8775pt x 700.6175pt>
File: figures/CMS/EB+Occupancy.png Graphic file (type png)

<use figures/CMS/EB+Occupancy.png>
Package pdftex.def Info: figures/CMS/EB+Occupancy.png used on input line 77.
(pdftex.def)             Requested size: 234.87749pt x 158.55151pt.


LaTeX Warning: `h' float specifier changed to `ht'.

[50 <./figures/CMS/TrackerLayout.png>] [51 <./figures/CMS/PbWO4.jpg>] [52 <./fi
gures/CMS/EBOccupancy.png (PNG copy)> <./figures/CMS/EB-Occupancy.png (PNG copy
)> <./figures/CMS/EB+Occupancy.png (PNG copy)>] [53

] [54]
<figures/CMS/ECALPrimitives1.png, id=2241, 1027.84pt x 727.71875pt>
File: figures/CMS/ECALPrimitives1.png Graphic file (type png)

<use figures/CMS/ECALPrimitives1.png>
Package pdftex.def Info: figures/CMS/ECALPrimitives1.png used on input line 117
.
(pdftex.def)             Requested size: 234.87749pt x 166.2947pt.

<figures/CMS/ECALPrimitives2.png, id=2242, 1028.84375pt x 742.775pt>
File: figures/CMS/ECALPrimitives2.png Graphic file (type png)

<use figures/CMS/ECALPrimitives2.png>
Package pdftex.def Info: figures/CMS/ECALPrimitives2.png used on input line 117
.
(pdftex.def)             Requested size: 234.87749pt x 169.56526pt.

<figures/CMS/ECALHoE.png, id=2243, 1028.84375pt x 733.74126pt>
File: figures/CMS/ECALHoE.png Graphic file (type png)

<use figures/CMS/ECALHoE.png>
Package pdftex.def Info: figures/CMS/ECALHoE.png used on input line 124.
(pdftex.def)             Requested size: 234.87749pt x 167.50299pt.

<figures/CMS/ECALIso.png, id=2244, 1027.84pt x 731.73375pt>
File: figures/CMS/ECALIso.png Graphic file (type png)

<use figures/CMS/ECALIso.png>
Package pdftex.def Info: figures/CMS/ECALIso.png used on input line 124.
(pdftex.def)             Requested size: 234.87749pt x 167.21217pt.
 [55] [56 <./figures/CMS/ECALPrimitives1.png> <./figures/CMS/ECALPrimitives2.pn
g> <./figures/CMS/ECALHoE.png> <./figures/CMS/ECALIso.png>]
<figures/CMS/EcalEffIsoBarrel.png, id=2261, 1034.86626pt x 716.6775pt>
File: figures/CMS/EcalEffIsoBarrel.png Graphic file (type png)

<use figures/CMS/EcalEffIsoBarrel.png>
Package pdftex.def Info: figures/CMS/EcalEffIsoBarrel.png used on input line 14
0.
(pdftex.def)             Requested size: 230.18251pt x 159.4083pt.

<figures/CMS/EcalEffIsoEndcap.png, id=2262, 1034.86626pt x 706.64pt>
File: figures/CMS/EcalEffIsoEndcap.png Graphic file (type png)

<use figures/CMS/EcalEffIsoEndcap.png>
Package pdftex.def Info: figures/CMS/EcalEffIsoEndcap.png used on input line 14
0.
(pdftex.def)             Requested size: 230.18251pt x 157.17569pt.

<figures/CMS/EcalEffHoEBarrel.png, id=2263, 1034.86626pt x 716.6775pt>
File: figures/CMS/EcalEffHoEBarrel.png Graphic file (type png)

<use figures/CMS/EcalEffHoEBarrel.png>
Package pdftex.def Info: figures/CMS/EcalEffHoEBarrel.png used on input line 14
5.
(pdftex.def)             Requested size: 230.18251pt x 159.4083pt.

<figures/CMS/EcalEffHoEEndcap.png, id=2264, 1034.86626pt x 706.64pt>
File: figures/CMS/EcalEffHoEEndcap.png Graphic file (type png)

<use figures/CMS/EcalEffHoEEndcap.png>
Package pdftex.def Info: figures/CMS/EcalEffHoEEndcap.png used on input line 14
5.
(pdftex.def)             Requested size: 230.18251pt x 157.17569pt.

<figures/CMS/ECALMva1.png, id=2267, 1368.11125pt x 928.46875pt>
File: figures/CMS/ECALMva1.png Graphic file (type png)

<use figures/CMS/ECALMva1.png>
Package pdftex.def Info: figures/CMS/ECALMva1.png used on input line 154.
(pdftex.def)             Requested size: 371.10329pt x 251.85162pt.
 [57

 <./figures/CMS/EcalEffIsoBarrel.png> <./figures/CMS/EcalEffIsoEndcap.png> <./f
igures/CMS/EcalEffHoEBarrel.png> <./figures/CMS/EcalEffHoEEndcap.png>]
<figures/CMS/EcalCentrality.png, id=2278, 1866.975pt x 790.955pt>
File: figures/CMS/EcalCentrality.png Graphic file (type png)

<use figures/CMS/EcalCentrality.png>
Package pdftex.def Info: figures/CMS/EcalCentrality.png used on input line 162.

(pdftex.def)             Requested size: 446.2658pt x 189.06065pt.

<figures/CMS/ECALMva3.png, id=2280, 1368.11125pt x 928.46875pt>
File: figures/CMS/ECALMva3.png Graphic file (type png)

<use figures/CMS/ECALMva3.png>
Package pdftex.def Info: figures/CMS/ECALMva3.png used on input line 169.
(pdftex.def)             Requested size: 371.10329pt x 251.85162pt.


LaTeX Warning: `h' float specifier changed to `ht'.

[58 <./figures/CMS/ECALMva1.png>]

LaTeX Warning: `h' float specifier changed to `ht'.

[59 <./figures/CMS/EcalCentrality.png>]
<figures/CMS/HCalLayout.jpg, id=2294, 608.2725pt x 365.365pt>
File: figures/CMS/HCalLayout.jpg Graphic file (type jpg)

<use figures/CMS/HCalLayout.jpg>
Package pdftex.def Info: figures/CMS/HCalLayout.jpg used on input line 180.
(pdftex.def)             Requested size: 446.2658pt x 268.0578pt.


LaTeX Warning: `h' float specifier changed to `ht'.

[60 <./figures/CMS/ECALMva3.png>]
<figures/CMS/MuonSystem.png, id=2302, 1818.795pt x 1786.675pt>
File: figures/CMS/MuonSystem.png Graphic file (type png)

<use figures/CMS/MuonSystem.png>
Package pdftex.def Info: figures/CMS/MuonSystem.png used on input line 206.
(pdftex.def)             Requested size: 234.87749pt x 2